2025-12-30 04:42:43,385 - Log file for this run: C:\Users\USER\Desktop\TRYMAX78000\ai8x-training\ai8x-training\logs\2025.12.30-044243\2025.12.30-044243.log
2025-12-30 04:42:43,386 - Configuring device: MAX78000, simulate=True.
2025-12-30 04:42:43,389 - No CUDA, ROCm, or MPS hardware acceleration, training will be slow
2025-12-30 04:42:43,418 - => loading checkpoint logs/2025.12.30-033219/eyes-qat8-q.pth.tar
2025-12-30 04:42:43,422 - => Checkpoint contents:
+----------------------+-------------+-----------+
| Key                  | Type        | Value     |
|----------------------+-------------+-----------|
| arch                 | str         | ai85cdnet |
| compression_sched    | dict        |           |
| epoch                | int         | 4         |
| extras               | dict        |           |
| optimizer_state_dict | dict        |           |
| optimizer_type       | type        | Adam      |
| state_dict           | OrderedDict |           |
+----------------------+-------------+-----------+

2025-12-30 04:42:43,423 - => Checkpoint['extras'] contents:
+-----------------+--------+-------------------+
| Key             | Type   | Value             |
|-----------------+--------+-------------------|
| best_epoch      | int    | 4                 |
| best_mAP        | int    | 0                 |
| best_top1       | float  | 94.16846652267819 |
| clipping_method | str    | MAX_BIT_SHIFT     |
| current_mAP     | int    | 0                 |
| current_top1    | float  | 94.16846652267819 |
+-----------------+--------+-------------------+

2025-12-30 04:42:43,423 - Loaded compression schedule from checkpoint (epoch 4)
2025-12-30 04:42:43,429 - => loaded 'state_dict' from checkpoint 'logs/2025.12.30-033219/eyes-qat8-q.pth.tar'
2025-12-30 04:42:43,431 - Optimizer Type: <class 'torch.optim.sgd.SGD'>
2025-12-30 04:42:43,431 - Optimizer Args: {'lr': 0.1, 'momentum': 0.9, 'dampening': 0, 'weight_decay': 0.0001, 'nesterov': False, 'maximize': False, 'foreach': None, 'differentiable': False}
2025-12-30 04:42:43,503 - torch.compile() not available, using "eager" mode
2025-12-30 04:42:43,503 - Dataset sizes:
	test=818
2025-12-30 04:42:43,504 - --- test (ckpt) ---------------------
2025-12-30 04:42:43,504 - 818 samples (256 per mini-batch)
2025-12-30 04:43:02,560 - ==> Saving sample at index 1 to sample_eyes.npy
2025-12-30 04:43:07,685 - Test: [    4/    4]    Loss 0.190152    Top1 94.743276    
2025-12-30 04:43:09,668 - ==> Top1: 94.743    Loss: 0.190

2025-12-30 04:43:09,671 - ==> Confusion:
[[342   7]
 [ 36 433]]

2025-12-30 04:43:09,679 - 
2025-12-30 04:43:09,681 - Log file for this run: C:\Users\USER\Desktop\TRYMAX78000\ai8x-training\ai8x-training\logs\2025.12.30-044243\2025.12.30-044243.log
